=~=~=~=~=~=~=~=~=~=~=~= PuTTY log 2025.11.08 18:13:30 =~=~=~=~=~=~=~=~=~=~=~=
[INFO] [ETH] PHY link established
[INFO] [ETH] Chip initialized
[INFO] [ETH] Network Configuration:
[INFO] [ETH]  MAC  : 00:08:DC:BE:EF:91
[INFO] [ETH]  IP   : 192.168.0.11
[INFO] [ETH]  Mask : 255.255.255.0
[INFO] [ETH]  GW   : 192.168.0.1
[INFO] [ETH]  DNS  : 8.8.8.8
[INFO] [ETH]  DHCP : Disabled
[INFO] [Net] Ethernet up, starting HTTP server
	[DEBUG] [Socket 0] Closed
	[DEBUG] [Socket 0] Opened (protocol=0x01, port=80)
	[DEBUG] [Socket 0] Listening
[INFO] <HTTP Server> Listening on port 80
	[DEBUG] [Socket 1] Closed
	[DEBUG] [Socket 1] Closed
	[DEBUG] [Socket 1] Opened (protocol=0x02, port=161)
	[DEBUG] [Socket 2] Closed
	[DEBUG] [Socket 2] Closed
	[DEBUG] [Socket 2] Opened (protocol=0x02, port=162)
	[DEBUG] [Socket 2] Closed
[INFO] [SNMP] ready on UDP socket 1, port 161
	[DEBUG] [Socket 1] Closed
	[DEBUG] [Socket 1] Closed
	[DEBUG] [Socket 1] Opened (protocol=0x02, port=161)
	[DEBUG] [Socket 2] Closed
	[DEBUG] [Socket 2] Closed
	[DEBUG] [Socket 2] Opened (protocol=0x02, port=162)
	[DEBUG] [Socket 2] Closed
[INFO] [SNMP] ready on UDP socket 1, port 161
[INFO] [SNMP] Agent running on UDP/161 (sock 1)
